<?xml version="1.0" encoding="UTF-8"?>
<!-- Generated by org.testng.reporters.JUnitReportReporter -->
<testsuite hostname="VAMSHI-PC" failures="0" tests="3" name="RestTesting2" time="3.123" errors="0" timestamp="22 Mar 2022 09:54:52 GMT" skipped="0">
  <testcase classname="RestTesting2" name="test_delete_01" time="2.122"/>
  <testcase classname="RestTesting2" name="test_get_02" time="0.520"/>
  <testcase classname="RestTesting2" name="test_get_03" time="0.481"/>
</testsuite> <!-- RestTesting2 -->
